\BOOKMARK [0][-]{chapter.1}{\376\377\0001\000\040\004\032\004\073\004\060\004\101\004\076\004\062\004\065\000\040\004\043\004\072\004\060\004\067\004\060\004\102\004\065\004\073}{}% 1
\BOOKMARK [1][-]{section.1.1}{\376\377\0001\000.\0001\000\040\004\032\004\073\004\060\004\101\004\076\004\062\004\065\000\040\004\041\004\077\004\070\004\101\004\112\004\072}{chapter.1}% 2
\BOOKMARK [0][-]{chapter.2}{\376\377\0002\000\040\004\044\004\060\004\071\004\073\004\076\004\062\004\065\000\040\004\041\004\077\004\070\004\101\004\112\004\072}{}% 3
\BOOKMARK [1][-]{section.2.1}{\376\377\0002\000.\0001\000\040\004\044\004\060\004\071\004\073\004\076\004\062\004\065\000\040\004\041\004\077\004\070\004\101\004\112\004\072}{chapter.2}% 4
\BOOKMARK [0][-]{chapter.3}{\376\377\0003\000\040\004\032\004\073\004\060\004\101\004\076\004\062\004\065\000\040\004\024\004\076\004\072\004\103\004\074\004\065\004\075\004\102\004\060\004\106\004\070\004\117}{}% 5
\BOOKMARK [1][-]{section.3.1}{\376\377\0003\000.\0001\000\040\000n\000o\000d\000e\000\040\004\041\004\102\004\100\004\103\004\072\004\102\004\103\004\100\004\060\000\040\004\037\004\100\004\065\004\077\004\100\004\060\004\102\004\072\004\060}{chapter.3}% 6
\BOOKMARK [2][-]{subsection.3.1.1}{\376\377\0003\000.\0001\000.\0001\000\040\004\047\004\073\004\065\004\075\000\040\004\064\004\060\004\075\004\075\004\070\000\040\004\024\004\076\004\072\004\103\004\074\004\065\004\075\004\102\004\060\004\106\004\070\004\117}{section.3.1}% 7
\BOOKMARK [3][-]{subsubsection.3.1.1.1}{\376\377\0003\000.\0001\000.\0001\000.\0001\000\040\000d\000a\000t\000a}{subsection.3.1.1}% 8
\BOOKMARK [3][-]{subsubsection.3.1.1.2}{\376\377\0003\000.\0001\000.\0001\000.\0002\000\040\000l\000e\000f\000t}{subsection.3.1.1}% 9
\BOOKMARK [3][-]{subsubsection.3.1.1.3}{\376\377\0003\000.\0001\000.\0001\000.\0003\000\040\000r\000i\000g\000h\000t}{subsection.3.1.1}% 10
\BOOKMARK [0][-]{chapter.4}{\376\377\0004\000\040\004\044\004\060\004\071\004\073\004\076\004\062\004\065\000\040\004\024\004\076\004\072\004\103\004\074\004\065\004\075\004\102\004\060\004\106\004\070\004\117}{}% 11
\BOOKMARK [1][-]{section.4.1}{\376\377\0004\000.\0001\000\040\000D\000:\000/\000D\000o\000c\000u\000m\000e\000n\000t\000s\000/\000P\000e\000r\000s\000o\000n\000e\000l\000/\000d\000e\000v\000-\000a\000n\000d\000-\000r\000e\000l\000a\000t\000e\000d\000/\000U\000n\000i\000v\000e\000r\000s\000i\000t\000y\000/\000P\000r\000o\000g\000r\000a\000m\000m\000i\000n\000g\000/\000S\000e\000m\000e\000s\000t\000e\000r\000\040\0003\000/\000A\000u\000t\000u\000m\000n\000\040\0002\0000\0002\0004\000/\0003\0002\0003\000/\0009\000-\000I\000d\000e\000a\000l\000l\000y\000-\000B\000a\000l\000a\000n\000c\000e\000d\000-\000t\000r\000e\000e\000-\000a\000n\000d\000-\000t\000r\000a\000v\000e\000r\000s\000a\000l\000-\000t\000y\000p\000e\000s\000/\000I\000d\000e\000a\000l\000y\000B\000a\000l\000a\000n\000c\000e\000d\000T\000r\000e\000e\000.\000c\000p\000p\000\040\004\044\004\060\004\071\004\073\000\040\004\041\004\077\004\100\004\060\004\062\004\072\004\060}{chapter.4}% 12
\BOOKMARK [2][-]{subsection.4.1.1}{\376\377\0004\000.\0001\000.\0001\000\040\004\044\004\103\004\075\004\072\004\106\004\070\004\070\000\040\004\024\004\076\004\072\004\103\004\074\004\065\004\075\004\102\004\060\004\106\004\070\004\117}{section.4.1}% 13
\BOOKMARK [3][-]{subsubsection.4.1.1.1}{\376\377\0004\000.\0001\000.\0001\000.\0001\000\040\000i\000b\000d\000\050\000\051}{subsection.4.1.1}% 14
\BOOKMARK [3][-]{subsubsection.4.1.1.2}{\376\377\0004\000.\0001\000.\0001\000.\0002\000\040\000m\000a\000i\000n\000\050\000\051}{subsection.4.1.1}% 15
\BOOKMARK [2][-]{subsection.4.1.2}{\376\377\0004\000.\0001\000.\0002\000\040\004\037\004\100\004\076\004\074\004\065\004\075\004\073\004\070\004\062\004\070\000\040\004\024\004\076\004\072\004\103\004\074\004\065\004\075\004\102\004\060\004\106\004\070\004\117}{section.4.1}% 16
\BOOKMARK [3][-]{subsubsection.4.1.2.1}{\376\377\0004\000.\0001\000.\0002\000.\0001\000\040\000n}{subsection.4.1.2}% 17
\BOOKMARK [1][-]{section.4.2}{\376\377\0004\000.\0002\000\040\000D\000:\000/\000D\000o\000c\000u\000m\000e\000n\000t\000s\000/\000P\000e\000r\000s\000o\000n\000e\000l\000/\000d\000e\000v\000-\000a\000n\000d\000-\000r\000e\000l\000a\000t\000e\000d\000/\000U\000n\000i\000v\000e\000r\000s\000i\000t\000y\000/\000P\000r\000o\000g\000r\000a\000m\000m\000i\000n\000g\000/\000S\000e\000m\000e\000s\000t\000e\000r\000\040\0003\000/\000A\000u\000t\000u\000m\000n\000\040\0002\0000\0002\0004\000/\0003\0002\0003\000/\0009\000-\000I\000d\000e\000a\000l\000l\000y\000-\000B\000a\000l\000a\000n\000c\000e\000d\000-\000t\000r\000e\000e\000-\000a\000n\000d\000-\000t\000r\000a\000v\000e\000r\000s\000a\000l\000-\000t\000y\000p\000e\000s\000/\000t\000r\000a\000v\000e\000r\000s\000a\000l\000.\000c\000p\000p\000\040\004\044\004\060\004\071\004\073\000\040\004\041\004\077\004\100\004\060\004\062\004\072\004\060}{chapter.4}% 18
\BOOKMARK [2][-]{subsection.4.2.1}{\376\377\0004\000.\0002\000.\0001\000\040\004\044\004\103\004\075\004\072\004\106\004\070\004\070\000\040\004\024\004\076\004\072\004\103\004\074\004\065\004\075\004\102\004\060\004\106\004\070\004\117}{section.4.2}% 19
\BOOKMARK [3][-]{subsubsection.4.2.1.1}{\376\377\0004\000.\0002\000.\0001\000.\0001\000\040\000I\000n\000o\000r\000d\000e\000r\000\137\000i\000n\000f\000i\000x\000\137\000L\000N\000R\000\050\000\051}{subsection.4.2.1}% 20
\BOOKMARK [3][-]{subsubsection.4.2.1.2}{\376\377\0004\000.\0002\000.\0001\000.\0002\000\040\000P\000o\000s\000t\000o\000r\000d\000e\000r\000\137\000p\000o\000s\000t\000f\000i\000x\000\137\000L\000R\000N\000\050\000\051}{subsection.4.2.1}% 21
\BOOKMARK [3][-]{subsubsection.4.2.1.3}{\376\377\0004\000.\0002\000.\0001\000.\0003\000\040\000P\000r\000e\000o\000r\000d\000e\000r\000\137\000p\000r\000e\000f\000i\000x\000\137\000N\000L\000R\000\050\000\051}{subsection.4.2.1}% 22
\BOOKMARK [3][-]{subsubsection.4.2.1.4}{\376\377\0004\000.\0002\000.\0001\000.\0004\000\040\000p\000r\000i\000n\000t\000\050\000\051}{subsection.4.2.1}% 23
\BOOKMARK [2][-]{subsection.4.2.2}{\376\377\0004\000.\0002\000.\0002\000\040\004\037\004\100\004\076\004\074\004\065\004\075\004\073\004\070\004\062\004\070\000\040\004\024\004\076\004\072\004\103\004\074\004\065\004\075\004\102\004\060\004\106\004\070\004\117}{section.4.2}% 24
\BOOKMARK [3][-]{subsubsection.4.2.2.1}{\376\377\0004\000.\0002\000.\0002\000.\0001\000\040\000C\000O\000U\000N\000T}{subsection.4.2.2}% 25
\BOOKMARK [1][-]{section.4.3}{\376\377\0004\000.\0003\000\040\000D\000:\000/\000D\000o\000c\000u\000m\000e\000n\000t\000s\000/\000P\000e\000r\000s\000o\000n\000e\000l\000/\000d\000e\000v\000-\000a\000n\000d\000-\000r\000e\000l\000a\000t\000e\000d\000/\000U\000n\000i\000v\000e\000r\000s\000i\000t\000y\000/\000P\000r\000o\000g\000r\000a\000m\000m\000i\000n\000g\000/\000S\000e\000m\000e\000s\000t\000e\000r\000\040\0003\000/\000A\000u\000t\000u\000m\000n\000\040\0002\0000\0002\0004\000/\0003\0002\0003\000/\0009\000-\000I\000d\000e\000a\000l\000l\000y\000-\000B\000a\000l\000a\000n\000c\000e\000d\000-\000t\000r\000e\000e\000-\000a\000n\000d\000-\000t\000r\000a\000v\000e\000r\000s\000a\000l\000-\000t\000y\000p\000e\000s\000/\000t\000r\000a\000v\000e\000r\000s\000a\000l\000.\000h\000\040\004\044\004\060\004\071\004\073\000\040\004\041\004\077\004\100\004\060\004\062\004\072\004\060}{chapter.4}% 26
\BOOKMARK [2][-]{subsection.4.3.1}{\376\377\0004\000.\0003\000.\0001\000\040\004\024\004\065\004\104\004\070\004\075\004\070\004\100\004\060\004\075\004\070\000\040\004\102\004\070\004\077\004\076\004\062\004\065\000\040\004\024\004\076\004\072\004\103\004\074\004\065\004\075\004\102\004\060\004\106\004\070\004\117}{section.4.3}% 27
\BOOKMARK [3][-]{subsubsection.4.3.1.1}{\376\377\0004\000.\0003\000.\0001\000.\0001\000\040\000D\000a\000t\000a\000T}{subsection.4.3.1}% 28
\BOOKMARK [3][-]{subsubsection.4.3.1.2}{\376\377\0004\000.\0003\000.\0001\000.\0002\000\040\000p\000o}{subsection.4.3.1}% 29
\BOOKMARK [2][-]{subsection.4.3.2}{\376\377\0004\000.\0003\000.\0002\000\040\004\044\004\103\004\075\004\072\004\106\004\070\004\070\000\040\004\024\004\076\004\072\004\103\004\074\004\065\004\075\004\102\004\060\004\106\004\070\004\117}{section.4.3}% 30
\BOOKMARK [3][-]{subsubsection.4.3.2.1}{\376\377\0004\000.\0003\000.\0002\000.\0001\000\040\000I\000n\000o\000r\000d\000e\000r\000\137\000i\000n\000f\000i\000x\000\137\000L\000N\000R\000\050\000\051}{subsection.4.3.2}% 31
\BOOKMARK [3][-]{subsubsection.4.3.2.2}{\376\377\0004\000.\0003\000.\0002\000.\0002\000\040\000P\000o\000s\000t\000o\000r\000d\000e\000r\000\137\000p\000o\000s\000t\000f\000i\000x\000\137\000L\000R\000N\000\050\000\051}{subsection.4.3.2}% 32
\BOOKMARK [3][-]{subsubsection.4.3.2.3}{\376\377\0004\000.\0003\000.\0002\000.\0003\000\040\000P\000r\000e\000o\000r\000d\000e\000r\000\137\000p\000r\000e\000f\000i\000x\000\137\000N\000L\000R\000\050\000\051}{subsection.4.3.2}% 33
\BOOKMARK [3][-]{subsubsection.4.3.2.4}{\376\377\0004\000.\0003\000.\0002\000.\0004\000\040\000p\000r\000i\000n\000t\000\050\000\051}{subsection.4.3.2}% 34
\BOOKMARK [1][-]{section.4.4}{\376\377\0004\000.\0004\000\040\000t\000r\000a\000v\000e\000r\000s\000a\000l\000.\000h}{chapter.4}% 35
\BOOKMARK [0][-]{section*.9}{\376\377\004\020\004\067\004\061\004\103\004\107\004\065\004\075\000\040\004\103\004\072\004\060\004\067\004\060\004\102\004\065\004\073}{}% 36
